{"name": "test_create_order_without_authorization", "status": "failed", "statusDetails": {"message": "AssertionError: assert 400 == 200\n +  where 400 = <Response [400]>.status_code", "trace": "valid_ingredients = ['60d3b41abdacab0026a733c6', '609646e4dc916e00276b2870']\n\n    def test_create_order_without_authorization(valid_ingredients):\n        \"\"\"Тест создания заказа без авторизации\"\"\"\n        order_data = {\n            \"ingredients\": valid_ingredients\n        }\n        response = requests.post(BASE_URL, json=order_data, headers=HEADERS)\n    \n        # Проверяем успешность запроса (запрос должен проходить без авторизации)\n>       assert response.status_code == 200\nE       assert 400 == 200\nE        +  where 400 = <Response [400]>.status_code\n\ntests/test_create_order.py:55: AssertionError"}, "description": "Тест создания заказа без авторизации", "start": 1729799339811, "stop": 1729799340243, "uuid": "10b083f6-07e1-4b52-8ea9-1c5eb8a6061f", "historyId": "b92ac903dde80200a80bd3fa42190923", "testCaseId": "b92ac903dde80200a80bd3fa42190923", "fullName": "tests.test_create_order#test_create_order_without_authorization", "labels": [{"name": "parentSuite", "value": "tests"}, {"name": "suite", "value": "test_create_order"}, {"name": "host", "value": "falcon.local"}, {"name": "thread", "value": "44857-MainThread"}, {"name": "framework", "value": "pytest"}, {"name": "language", "value": "cpython3"}, {"name": "package", "value": "tests.test_create_order"}]}